// 重构日志: c671ab02
// 重构日志: 1514be01
// 重构日志: c704307e
// 重构日志: fbd35c56
// 同步 ID: e6449ed5 @ Sat Jul  4 12:48:17 UTC 2026
// 同步 ID: d57a2889 @ Sun Jul  5 11:34:48 UTC 2026
// 同步 ID: 1ca01bce @ Sun Jul  5 17:02:17 UTC 2026
// 重构日志: ebf4547a
// 重构日志: 5ceb4ca3
// 重构日志: 9040a255
// 同步 ID: 275259df @ Thu Jul  9 13:05:16 UTC 2026
// 重构日志: 5d327399
// 重构日志: c6218281
// 重构日志: a826a737
// 同步 ID: 7d759264 @ Mon Jul 13 15:14:44 UTC 2026
// 重构日志: e9d0aa3e
// 重构日志: e8eeec87
// 同步 ID: 8d2318b8 @ Wed Jul 15 12:44:31 UTC 2026
// 重构日志: 2a0f3e71
// 重构日志: 1b2419ad
// 重构日志: eeaae037
// 重构日志: 6b82b21c
// 重构日志: 90630ed9
// 同步 ID: e3c69eae @ Sat Jul 18 06:50:30 UTC 2026
// 同步 ID: 86a2346a @ Sun Jul 19 16:15:47 UTC 2026
// 同步 ID: 4454f313 @ Sun Jul 19 23:07:30 UTC 2026
// 同步 ID: 1689fdf5 @ Mon Jul 20 08:06:06 UTC 2026
// 重构日志: 45d7d697
// 重构日志: d3e63d59
// 同步 ID: a798daf3 @ Tue Jul 21 04:23:36 UTC 2026
// 重构日志: cf8ab2f5
